<?xml version="1.0" encoding="UTF-8" standalone="no"?>
<!DOCTYPE log SYSTEM "logger.dtd">
<log>
<record>
  <date>2019-08-30T00:36:26.629-0300</date>
  <logger>WILLY GUIMARAES MORAIS BARROS</logger>
  <level>FINE</level>
  <message>File 118210278-WILLY GUIMARAES MORAIS BARROS.zip was received. It was sent by WILLY GUIMARAES MORAIS BARROS from IP 192.168.15.8 at 30-08-2019 00*36*26</message>
</record>
</log>
<?xml version="1.0" encoding="UTF-8" standalone="no"?>
<!DOCTYPE log SYSTEM "logger.dtd">
<log>
<record>
  <date>2019-08-30T00:41:54.487-0300</date>
  <logger>WILLY GUIMARAES MORAIS BARROS</logger>
  <level>FINE</level>
  <message>File 118210278-WILLY GUIMARAES MORAIS BARROS.zip was received. It was sent by WILLY GUIMARAES MORAIS BARROS from IP 192.168.15.8 at 30-08-2019 00*41*54</message>
</record>
</log>
<?xml version="1.0" encoding="UTF-8" standalone="no"?>
<!DOCTYPE log SYSTEM "logger.dtd">
<log>
<record>
  <date>2019-08-31T00:33:40.840-0300</date>
  <logger>WILLY GUIMARAES MORAIS BARROS</logger>
  <level>FINE</level>
  <message>File 118210278-WILLY GUIMARAES MORAIS BARROS.zip was received. It was sent by WILLY GUIMARAES MORAIS BARROS from IP 192.168.15.8 at 31-08-2019 00*33*40</message>
</record>
